Using pre-set license
Built from '2021.1/release' branch; Version is '2021.1.16f1 (5fa502fca597) revision 6268162'; Using compiler version '192528614'; Build Type 'Release'
OS: 'Windows 10 Home; OS build 19042.1288; Version 2009; 64bit' Language: 'es' Physical Memory: 8042 MB
BatchMode: 1, IsHumanControllingUs: 0, StartBugReporterOnCrash: 0, Is64bit: 1, IsPro: 0

 COMMAND LINE ARGUMENTS:
B:\Archivos\Unity\2021.1.16f1\Editor\Unity.exe
-adb2
-batchMode
-noUpm
-name
AssetImportWorker3
-projectPath
B:/Meganman_Prueba-831e564eb8c519e3ae73047ec15419b89db9a0ba/Meganman_Prueba-831e564eb8c519e3ae73047ec15419b89db9a0ba
-logFile
Logs/AssetImportWorker3.log
-srvPort
56264
Successfully changed project path to: B:/Meganman_Prueba-831e564eb8c519e3ae73047ec15419b89db9a0ba/Meganman_Prueba-831e564eb8c519e3ae73047ec15419b89db9a0ba
B:/Meganman_Prueba-831e564eb8c519e3ae73047ec15419b89db9a0ba/Meganman_Prueba-831e564eb8c519e3ae73047ec15419b89db9a0ba
Using Asset Import Pipeline V2.
Refreshing native plugins compatible for Editor in 957.25 ms, found 4 plugins.
Preloading 0 native plugins for Editor in 0.00 ms.
Initialize engine version: 2021.1.16f1 (5fa502fca597)
[Subsystems] Discovering subsystems at path B:/Archivos/Unity/2021.1.16f1/Editor/Data/Resources/UnitySubsystems
[Subsystems] Discovering subsystems at path B:/Meganman_Prueba-831e564eb8c519e3ae73047ec15419b89db9a0ba/Meganman_Prueba-831e564eb8c519e3ae73047ec15419b89db9a0ba/Assets
GfxDevice: creating device client; threaded=0; jobified=0
Direct3D:
    Version:  Direct3D 11.0 [level 11.1]
    Renderer: NVIDIA GeForce GTX 1050 (ID=0x1c91)
    Vendor:   NVIDIA
    VRAM:     2996 MB
    Driver:   30.0.14.9613
Initialize mono
Mono path[0] = 'B:/Archivos/Unity/2021.1.16f1/Editor/Data/Managed'
Mono path[1] = 'B:/Archivos/Unity/2021.1.16f1/Editor/Data/MonoBleedingEdge/lib/mono/unityjit'
Mono config path = 'B:/Archivos/Unity/2021.1.16f1/Editor/Data/MonoBleedingEdge/etc'
Using monoOptions --debugger-agent=transport=dt_socket,embedding=1,server=y,suspend=n,address=127.0.0.1:56772
Begin MonoManager ReloadAssembly
